app/manifest-merger-release-report.txt
-- Merging decision tree log ---
manifest
ADDED from AndroidManifest.xml:27:1
	package
		ADDED from AndroidManifest.xml:28:5
		INJECTED from AndroidManifest.xml:0:0
		INJECTED from AndroidManifest.xml:0:0
	android:versionName
		INJECTED from AndroidManifest.xml:0:0
		INJECTED from AndroidManifest.xml:0:0
	xmlns:android
		ADDED from AndroidManifest.xml:27:11
	android:versionCode
		INJECTED from AndroidManifest.xml:0:0
		INJECTED from AndroidManifest.xml:0:0
uses-permission#android.permission.ACCESS_NETWORK_STATE
ADDED from AndroidManifest.xml:30:2
	android:name
		ADDED from AndroidManifest.xml:30:19
uses-permission#android.permission.ACCESS_SUPERUSER
ADDED from AndroidManifest.xml:31:2
	android:name
		ADDED from AndroidManifest.xml:31:19
uses-permission#android.permission.INTERNET
ADDED from AndroidManifest.xml:32:2
	android:name
		ADDED from AndroidManifest.xml:32:19
uses-permission#android.permission.READ_EXTERNAL_STORAGE
ADDED from AndroidManifest.xml:33:2
	android:name
		ADDED from AndroidManifest.xml:33:19
uses-permission#android.permission.RECEIVE_BOOT_COMPLETED
ADDED from AndroidManifest.xml:34:2
	android:name
		ADDED from AndroidManifest.xml:34:19
uses-permission#android.permission.WAKE_LOCK
ADDED from AndroidManifest.xml:35:2
	android:name
		ADDED from AndroidManifest.xml:35:19
uses-permission#android.permission.WRITE_EXTERNAL_STORAGE
ADDED from AndroidManifest.xml:36:2
	android:name
		ADDED from AndroidManifest.xml:36:19
uses-permission#jackpal.androidterm.permission.RUN_SCRIPT
ADDED from AndroidManifest.xml:38:2
	android:name
		ADDED from AndroidManifest.xml:38:19
application
ADDED from AndroidManifest.xml:40:5
MERGED from com.android.support:support-v13:21.0.3:16:5
MERGED from com.android.support:support-v4:21.0.3:16:5
	android:label
		ADDED from AndroidManifest.xml:43:9
	android:allowBackup
		ADDED from AndroidManifest.xml:41:9
	android:icon
		ADDED from AndroidManifest.xml:42:9
	android:theme
		ADDED from AndroidManifest.xml:44:9
activity#net.justarchi.archidroid.Main
ADDED from AndroidManifest.xml:45:9
	android:label
		ADDED from AndroidManifest.xml:48:13
	android:configChanges
		ADDED from AndroidManifest.xml:47:13
	android:name
		ADDED from AndroidManifest.xml:46:13
intent-filter#android.intent.action.MAIN+android.intent.category.LAUNCHER
ADDED from AndroidManifest.xml:49:13
action#android.intent.action.MAIN
ADDED from AndroidManifest.xml:50:17
	android:name
		ADDED from AndroidManifest.xml:50:25
category#android.intent.category.LAUNCHER
ADDED from AndroidManifest.xml:52:17
	android:name
		ADDED from AndroidManifest.xml:52:27
receiver#net.justarchi.archidroid.NetworkReceiver
ADDED from AndroidManifest.xml:56:3
	android:name
		ADDED from AndroidManifest.xml:56:13
intent-filter#android.net.conn.CONNECTIVITY_CHANGE
ADDED from AndroidManifest.xml:57:4
action#android.net.conn.CONNECTIVITY_CHANGE
ADDED from AndroidManifest.xml:58:5
	android:name
		ADDED from AndroidManifest.xml:58:13
receiver#net.justarchi.archidroid.AutoStart
ADDED from AndroidManifest.xml:62:6
	android:name
		ADDED from AndroidManifest.xml:62:16
intent-filter#android.intent.action.BOOT_COMPLETED
ADDED from AndroidManifest.xml:63:7
action#android.intent.action.BOOT_COMPLETED
ADDED from AndroidManifest.xml:64:8
	android:name
		ADDED from AndroidManifest.xml:64:16
receiver#net.justarchi.archidroid.ArchiDroidUpdateAlarm
ADDED from AndroidManifest.xml:68:6
	android:name
		ADDED from AndroidManifest.xml:68:16
service#net.justarchi.archidroid.ArchiDroidUpdateForegroundService
ADDED from AndroidManifest.xml:70:6
	android:name
		ADDED from AndroidManifest.xml:70:15
service#net.justarchi.archidroid.ArchiDroidUpdateService
ADDED from AndroidManifest.xml:71:6
	android:name
		ADDED from AndroidManifest.xml:71:15
uses-sdk
INJECTED from AndroidManifest.xml:0:0 reason: use-sdk injection requested
MERGED from com.android.support:support-v13:21.0.3:15:5
MERGED from com.android.support:support-v4:21.0.3:15:5
	android:targetSdkVersion
		INJECTED from AndroidManifest.xml:0:0
		INJECTED from AndroidManifest.xml:0:0
	android:minSdkVersion
		INJECTED from AndroidManifest.xml:0:0
		INJECTED from AndroidManifest.xml:0:0